started loading sst
done loading sst
starting load
finished load
SEED IS:435
SEED IS:111
Final dataset size: 59
Downloading and preparing dataset csv/default (download: Unknown size, generated: Unknown size, post-processed: Unknown size, total: Unknown size) to /a/home/cc/students/cs/shlomotannor/.cache/huggingface/datasets/csv/default-dc7771541965b4ae/0.0.0/e138af468cb14e747fb46a19c787ffcfa5170c821476d20d5304287ce12bbc23...
Dataset csv downloaded and prepared to /a/home/cc/students/cs/shlomotannor/.cache/huggingface/datasets/csv/default-dc7771541965b4ae/0.0.0/e138af468cb14e747fb46a19c787ffcfa5170c821476d20d5304287ce12bbc23. Subsequent calls will reuse this data.
finished augment
SEED IS:607
SEED IS:721
{'eval_loss': 0.7678102254867554, 'eval_accuracy': 0.47, 'eval_runtime': 1.7587, 'eval_samples_per_second': 56.86, 'eval_steps_per_second': 7.392, 'epoch': 1.0}
{'eval_loss': 0.609966516494751, 'eval_accuracy': 0.7, 'eval_runtime': 1.7122, 'eval_samples_per_second': 58.403, 'eval_steps_per_second': 7.592, 'epoch': 2.0}
{'eval_loss': 0.9632876515388489, 'eval_accuracy': 0.57, 'eval_runtime': 1.7129, 'eval_samples_per_second': 58.381, 'eval_steps_per_second': 7.59, 'epoch': 3.0}
{'eval_loss': 0.5410617589950562, 'eval_accuracy': 0.79, 'eval_runtime': 1.7197, 'eval_samples_per_second': 58.148, 'eval_steps_per_second': 7.559, 'epoch': 4.0}
{'eval_loss': 0.5858981013298035, 'eval_accuracy': 0.79, 'eval_runtime': 1.7246, 'eval_samples_per_second': 57.985, 'eval_steps_per_second': 7.538, 'epoch': 5.0}
{'eval_loss': 0.9449540972709656, 'eval_accuracy': 0.74, 'eval_runtime': 1.7346, 'eval_samples_per_second': 57.649, 'eval_steps_per_second': 7.494, 'epoch': 6.0}
{'eval_loss': 1.1174519062042236, 'eval_accuracy': 0.72, 'eval_runtime': 1.7255, 'eval_samples_per_second': 57.954, 'eval_steps_per_second': 7.534, 'epoch': 7.0}
{'eval_loss': 1.153457760810852, 'eval_accuracy': 0.74, 'eval_runtime': 1.7231, 'eval_samples_per_second': 58.036, 'eval_steps_per_second': 7.545, 'epoch': 8.0}
{'eval_loss': 1.1481256484985352, 'eval_accuracy': 0.75, 'eval_runtime': 1.7387, 'eval_samples_per_second': 57.515, 'eval_steps_per_second': 7.477, 'epoch': 9.0}
{'eval_loss': 1.137059211730957, 'eval_accuracy': 0.75, 'eval_runtime': 2.548, 'eval_samples_per_second': 39.246, 'eval_steps_per_second': 5.102, 'epoch': 10.0}
{'train_runtime': 359.7408, 'train_samples_per_second': 1.64, 'train_steps_per_second': 0.222, 'train_loss': 0.16200603246688844, 'epoch': 10.0}
0.79
SEED IS:314
SEED IS:847
Final dataset size: 55
Downloading and preparing dataset csv/default (download: Unknown size, generated: Unknown size, post-processed: Unknown size, total: Unknown size) to /a/home/cc/students/cs/shlomotannor/.cache/huggingface/datasets/csv/default-a51d2b957808124e/0.0.0/e138af468cb14e747fb46a19c787ffcfa5170c821476d20d5304287ce12bbc23...
Dataset csv downloaded and prepared to /a/home/cc/students/cs/shlomotannor/.cache/huggingface/datasets/csv/default-a51d2b957808124e/0.0.0/e138af468cb14e747fb46a19c787ffcfa5170c821476d20d5304287ce12bbc23. Subsequent calls will reuse this data.
finished augment
SEED IS:377
SEED IS:706
{'eval_loss': 0.7105209827423096, 'eval_accuracy': 0.45, 'eval_runtime': 2.086, 'eval_samples_per_second': 47.939, 'eval_steps_per_second': 6.232, 'epoch': 1.0}
{'eval_loss': 0.7793031930923462, 'eval_accuracy': 0.61, 'eval_runtime': 1.7434, 'eval_samples_per_second': 57.359, 'eval_steps_per_second': 7.457, 'epoch': 2.0}
{'eval_loss': 0.7681357860565186, 'eval_accuracy': 0.57, 'eval_runtime': 1.7268, 'eval_samples_per_second': 57.909, 'eval_steps_per_second': 7.528, 'epoch': 3.0}
{'eval_loss': 0.9470736980438232, 'eval_accuracy': 0.56, 'eval_runtime': 1.7208, 'eval_samples_per_second': 58.111, 'eval_steps_per_second': 7.554, 'epoch': 4.0}
{'eval_loss': 1.0969675779342651, 'eval_accuracy': 0.62, 'eval_runtime': 1.7128, 'eval_samples_per_second': 58.383, 'eval_steps_per_second': 7.59, 'epoch': 5.0}
{'eval_loss': 1.228826880455017, 'eval_accuracy': 0.63, 'eval_runtime': 1.7069, 'eval_samples_per_second': 58.585, 'eval_steps_per_second': 7.616, 'epoch': 6.0}
{'eval_loss': 1.3766082525253296, 'eval_accuracy': 0.63, 'eval_runtime': 1.7193, 'eval_samples_per_second': 58.162, 'eval_steps_per_second': 7.561, 'epoch': 7.0}
{'eval_loss': 1.4509689807891846, 'eval_accuracy': 0.61, 'eval_runtime': 1.7041, 'eval_samples_per_second': 58.682, 'eval_steps_per_second': 7.629, 'epoch': 8.0}
{'eval_loss': 1.4841735363006592, 'eval_accuracy': 0.59, 'eval_runtime': 1.7032, 'eval_samples_per_second': 58.712, 'eval_steps_per_second': 7.633, 'epoch': 9.0}
{'eval_loss': 1.4956567287445068, 'eval_accuracy': 0.59, 'eval_runtime': 1.6934, 'eval_samples_per_second': 59.053, 'eval_steps_per_second': 7.677, 'epoch': 10.0}
{'train_runtime': 230.578, 'train_samples_per_second': 2.385, 'train_steps_per_second': 0.304, 'train_loss': 0.1662853649684361, 'epoch': 10.0}
0.63
SEED IS:540
SEED IS:975
Final dataset size: 63
Downloading and preparing dataset csv/default (download: Unknown size, generated: Unknown size, post-processed: Unknown size, total: Unknown size) to /a/home/cc/students/cs/shlomotannor/.cache/huggingface/datasets/csv/default-8829d78fe8e855f4/0.0.0/e138af468cb14e747fb46a19c787ffcfa5170c821476d20d5304287ce12bbc23...
Dataset csv downloaded and prepared to /a/home/cc/students/cs/shlomotannor/.cache/huggingface/datasets/csv/default-8829d78fe8e855f4/0.0.0/e138af468cb14e747fb46a19c787ffcfa5170c821476d20d5304287ce12bbc23. Subsequent calls will reuse this data.
finished augment
SEED IS:251
SEED IS:862
{'eval_loss': 0.6410002708435059, 'eval_accuracy': 0.68, 'eval_runtime': 1.6964, 'eval_samples_per_second': 58.949, 'eval_steps_per_second': 7.663, 'epoch': 1.0}
{'eval_loss': 0.5196112990379333, 'eval_accuracy': 0.73, 'eval_runtime': 1.6911, 'eval_samples_per_second': 59.131, 'eval_steps_per_second': 7.687, 'epoch': 2.0}
{'eval_loss': 0.6986664533615112, 'eval_accuracy': 0.64, 'eval_runtime': 1.7214, 'eval_samples_per_second': 58.092, 'eval_steps_per_second': 7.552, 'epoch': 3.0}
{'eval_loss': 0.4918748438358307, 'eval_accuracy': 0.8, 'eval_runtime': 1.7321, 'eval_samples_per_second': 57.735, 'eval_steps_per_second': 7.506, 'epoch': 4.0}
{'eval_loss': 0.5256310701370239, 'eval_accuracy': 0.78, 'eval_runtime': 1.7391, 'eval_samples_per_second': 57.502, 'eval_steps_per_second': 7.475, 'epoch': 5.0}
{'eval_loss': 0.5989181995391846, 'eval_accuracy': 0.75, 'eval_runtime': 1.7295, 'eval_samples_per_second': 57.821, 'eval_steps_per_second': 7.517, 'epoch': 6.0}
{'eval_loss': 0.5745009779930115, 'eval_accuracy': 0.77, 'eval_runtime': 2.049, 'eval_samples_per_second': 48.805, 'eval_steps_per_second': 6.345, 'epoch': 7.0}
{'eval_loss': 0.6334789395332336, 'eval_accuracy': 0.76, 'eval_runtime': 1.7266, 'eval_samples_per_second': 57.917, 'eval_steps_per_second': 7.529, 'epoch': 8.0}
{'eval_loss': 0.6643022298812866, 'eval_accuracy': 0.76, 'eval_runtime': 1.7101, 'eval_samples_per_second': 58.476, 'eval_steps_per_second': 7.602, 'epoch': 9.0}
{'eval_loss': 0.6695590019226074, 'eval_accuracy': 0.76, 'eval_runtime': 1.716, 'eval_samples_per_second': 58.273, 'eval_steps_per_second': 7.576, 'epoch': 10.0}
{'train_runtime': 351.744, 'train_samples_per_second': 1.791, 'train_steps_per_second': 0.227, 'train_loss': 0.17717878818511962, 'epoch': 10.0}
0.8
SEED IS:419
SEED IS:159
Final dataset size: 60
Downloading and preparing dataset csv/default (download: Unknown size, generated: Unknown size, post-processed: Unknown size, total: Unknown size) to /a/home/cc/students/cs/shlomotannor/.cache/huggingface/datasets/csv/default-67651e2e79c902c4/0.0.0/e138af468cb14e747fb46a19c787ffcfa5170c821476d20d5304287ce12bbc23...
Dataset csv downloaded and prepared to /a/home/cc/students/cs/shlomotannor/.cache/huggingface/datasets/csv/default-67651e2e79c902c4/0.0.0/e138af468cb14e747fb46a19c787ffcfa5170c821476d20d5304287ce12bbc23. Subsequent calls will reuse this data.
finished augment
SEED IS:276
SEED IS:281
{'eval_loss': 0.6662813425064087, 'eval_accuracy': 0.54, 'eval_runtime': 1.718, 'eval_samples_per_second': 58.206, 'eval_steps_per_second': 7.567, 'epoch': 1.0}
{'eval_loss': 0.5713868141174316, 'eval_accuracy': 0.72, 'eval_runtime': 1.7099, 'eval_samples_per_second': 58.484, 'eval_steps_per_second': 7.603, 'epoch': 2.0}
{'eval_loss': 0.5315027236938477, 'eval_accuracy': 0.76, 'eval_runtime': 1.7255, 'eval_samples_per_second': 57.954, 'eval_steps_per_second': 7.534, 'epoch': 3.0}
{'eval_loss': 0.45367729663848877, 'eval_accuracy': 0.83, 'eval_runtime': 1.6845, 'eval_samples_per_second': 59.365, 'eval_steps_per_second': 7.717, 'epoch': 4.0}
{'eval_loss': 0.7974237203598022, 'eval_accuracy': 0.73, 'eval_runtime': 1.6864, 'eval_samples_per_second': 59.299, 'eval_steps_per_second': 7.709, 'epoch': 5.0}
